{"level":"fatal","timestamp":"2024-11-27T16:54:48.405+1100","caller":"server/main.go:33","message":"Failed to get document service:","error":"failed to initialize storage: failed to verify bucket existence: operation error S3: HeadBucket, get identity: get credentials: failed to refresh cached credentials, static credentials are empty"}
{"level":"fatal","timestamp":"2024-11-27T17:22:46.080+1100","caller":"server/main.go:33","message":"Failed to get document service:","error":"failed to initialize storage: failed to verify bucket existence: operation error S3: HeadBucket, get identity: get credentials: failed to refresh cached credentials, static credentials are empty"}
{"level":"fatal","timestamp":"2024-11-27T17:25:24.590+1100","caller":"server/main.go:33","message":"Failed to get document service:","error":"failed to initialize storage: failed to verify bucket existence: operation error S3: HeadBucket, get identity: get credentials: failed to refresh cached credentials, static credentials are empty"}
{"level":"fatal","timestamp":"2024-11-27T17:28:09.937+1100","caller":"server/main.go:33","message":"Failed to get document service:","error":"failed to initialize storage: failed to verify bucket existence: operation error S3: HeadBucket, get identity: get credentials: failed to refresh cached credentials, static credentials are empty"}
{"level":"fatal","timestamp":"2024-11-27T17:29:36.292+1100","caller":"server/main.go:33","message":"Failed to get document service:","error":"failed to initialize storage: failed to verify bucket existence: operation error S3: HeadBucket, get identity: get credentials: failed to refresh cached credentials, static credentials are empty"}
{"level":"fatal","timestamp":"2024-11-27T17:31:17.593+1100","caller":"server/main.go:33","message":"Failed to get document service:","error":"failed to initialize storage: failed to verify bucket existence: operation error S3: HeadBucket, get identity: get credentials: failed to refresh cached credentials, static credentials are empty"}
{"level":"fatal","timestamp":"2024-11-27T17:31:45.116+1100","caller":"server/main.go:33","message":"Failed to get document service:","error":"failed to initialize storage: failed to verify bucket existence: operation error S3: HeadBucket, get identity: get credentials: failed to refresh cached credentials, static credentials are empty"}
{"level":"fatal","timestamp":"2024-11-27T17:36:24.614+1100","caller":"server/main.go:33","message":"Failed to get document service:","error":"failed to initialize storage: failed to verify bucket existence: operation error S3: HeadBucket, get identity: get credentials: failed to refresh cached credentials, static credentials are empty"}
{"level":"info","timestamp":"2024-11-27T17:47:40.479+1100","caller":"s3/s3.go:124","message":"S3 Configuration","bucket":"","region":"","access_key":"","endpoint":""}
{"level":"fatal","timestamp":"2024-11-27T17:47:40.481+1100","caller":"server/main.go:33","message":"Failed to get document service:","error":"failed to initialize storage: failed to verify bucket existence: operation error S3: HeadBucket, get identity: get credentials: failed to refresh cached credentials, static credentials are empty"}
{"level":"info","timestamp":"2024-11-27T18:08:07.616+1100","caller":"s3/s3.go:126","message":"S3 Configuration","bucket":"","region":"","access_key":"","endpoint":""}
{"level":"fatal","timestamp":"2024-11-27T18:08:07.619+1100","caller":"server/main.go:33","message":"Failed to get document service:","error":"failed to initialize storage: failed to verify bucket existence: operation error S3: HeadBucket, get identity: get credentials: failed to refresh cached credentials, static credentials are empty"}
{"level":"info","timestamp":"2024-11-27T18:09:24.994+1100","caller":"s3/s3.go:126","message":"S3 Configuration","bucket":"document-processors","region":"ap-southeast-2","access_key":"AKIA3FLD2GHRIOESPGFA","endpoint":""}
{"level":"info","timestamp":"2024-11-27T18:09:25.398+1100","caller":"server/main.go:72","message":"Server starting on port 8080"}
{"level":"info","timestamp":"2024-11-27T21:13:15.283+1100","caller":"server/main.go:61","message":"Shutting down server..."}
{"level":"info","timestamp":"2024-12-01T18:38:25.739+1100","caller":"s3/s3.go:126","message":"S3 Configuration","bucket":"document-processors","region":"ap-southeast-2","access_key":"AKIA3FLD2GHRIOESPGFA","endpoint":""}
{"level":"info","timestamp":"2024-12-01T18:38:26.106+1100","caller":"server/main.go:72","message":"Server starting on port 8080"}
{"level":"info","timestamp":"2024-12-01T18:51:12.099+1100","caller":"document/document_impl.go:106","message":"Starting file processing","filename":"passport.jpg","size":994219}
{"level":"info","timestamp":"2024-12-01T18:51:12.582+1100","caller":"document/document_impl.go:173","message":"File processing task created","taskId":"5128532b-6edb-4339-818c-a30620333367","filename":"passport.jpg"}
{"level":"error","timestamp":"2024-12-01T18:54:27.104+1100","caller":"handlers/document.go:177","message":"Failed to get status","path":"/api/v1/documents/status/{5128532b-6edb-4339-818c-a30620333367}","error":"failed to get task status: failed to get task info: asynq: task not found"}
{"level":"error","timestamp":"2024-12-01T18:58:09.895+1100","caller":"handlers/document.go:177","message":"Failed to get status","path":"/api/v1/documents/status/5128532b-6edb-4339-818c-a30620333367","error":"failed to get task status: failed to get task info: asynq: task not found"}
{"level":"info","timestamp":"2024-12-01T19:10:22.159+1100","caller":"server/main.go:61","message":"Shutting down server..."}
{"level":"info","timestamp":"2024-12-01T19:10:26.454+1100","caller":"s3/s3.go:126","message":"S3 Configuration","bucket":"document-processors","region":"ap-southeast-2","access_key":"AKIA3FLD2GHRIOESPGFA","endpoint":""}
{"level":"info","timestamp":"2024-12-01T19:10:26.809+1100","caller":"server/main.go:72","message":"Server starting on port 8080"}
{"level":"info","timestamp":"2024-12-01T19:10:49.353+1100","caller":"document/document_impl.go:106","message":"Starting file processing","filename":"passport.jpg","size":994219}
{"level":"info","timestamp":"2024-12-01T19:10:49.575+1100","caller":"document/document_impl.go:173","message":"File processing task created","taskId":"1c691833-4202-42a8-b894-e12e01a7e534","filename":"passport.jpg"}
{"level":"info","timestamp":"2024-12-01T19:13:30.677+1100","caller":"server/main.go:61","message":"Shutting down server..."}
{"level":"info","timestamp":"2024-12-01T19:13:34.090+1100","caller":"s3/s3.go:126","message":"S3 Configuration","bucket":"document-processors","region":"ap-southeast-2","access_key":"AKIA3FLD2GHRIOESPGFA","endpoint":""}
{"level":"info","timestamp":"2024-12-01T19:13:34.177+1100","caller":"server/main.go:72","message":"Server starting on port 8080"}
{"level":"info","timestamp":"2024-12-01T19:13:44.768+1100","caller":"document/document_impl.go:106","message":"Starting file processing","filename":"passport.jpg","size":994219}
{"level":"info","timestamp":"2024-12-01T19:13:44.973+1100","caller":"document/document_impl.go:173","message":"File processing task created","taskId":"a2aa7b9d-8bed-4d16-9eba-c39cbdd7936b","filename":"passport.jpg"}
{"level":"info","timestamp":"2024-12-01T20:06:45.957+1100","caller":"server/main.go:61","message":"Shutting down server..."}
{"level":"info","timestamp":"2024-12-01T20:06:49.356+1100","caller":"s3/s3.go:126","message":"S3 Configuration","bucket":"document-processors","region":"ap-southeast-2","access_key":"AKIA3FLD2GHRIOESPGFA","endpoint":""}
{"level":"info","timestamp":"2024-12-01T20:06:55.131+1100","caller":"document/document_impl.go:260","message":"Processing document","taskId":"a2aa7b9d-8bed-4d16-9eba-c39cbdd7936b","filename":"passport.jpg"}
{"level":"info","timestamp":"2024-12-01T20:07:34.823+1100","caller":"document/document_impl.go:260","message":"Processing document","taskId":"a2aa7b9d-8bed-4d16-9eba-c39cbdd7936b","filename":"passport.jpg"}
{"level":"info","timestamp":"2024-12-01T20:08:14.912+1100","caller":"document/document_impl.go:260","message":"Processing document","taskId":"a2aa7b9d-8bed-4d16-9eba-c39cbdd7936b","filename":"passport.jpg"}
{"level":"info","timestamp":"2024-12-01T20:09:05.310+1100","caller":"document/document_impl.go:260","message":"Processing document","taskId":"a2aa7b9d-8bed-4d16-9eba-c39cbdd7936b","filename":"passport.jpg"}
{"level":"info","timestamp":"2024-12-01T20:11:33.587+1100","caller":"server/main.go:109","message":"Server starting on port 8080"}
{"level":"info","timestamp":"2024-12-01T20:13:14.909+1100","caller":"server/main.go:98","message":"Shutting down server..."}
{"level":"info","timestamp":"2024-12-01T20:20:59.880+1100","caller":"s3/s3.go:126","message":"S3 Configuration","bucket":"document-processors","region":"ap-southeast-2","access_key":"AKIA3FLD2GHRIOESPGFA","endpoint":""}
{"level":"info","timestamp":"2024-12-01T20:21:00.041+1100","caller":"server/main.go:75","message":"Server starting on port 8080"}
{"level":"info","timestamp":"2024-12-01T20:21:18.145+1100","caller":"document/document_impl.go:106","message":"Starting file processing","filename":"passport.jpg","size":994219}
{"level":"info","timestamp":"2024-12-01T20:21:18.453+1100","caller":"document/document_impl.go:173","message":"File processing task created","taskId":"7ef78352-1ef8-4b93-8abe-9f98051a0c07","filename":"passport.jpg"}
{"level":"info","timestamp":"2024-12-01T20:21:21.149+1100","caller":"document/document_impl.go:260","message":"Processing document","taskId":"","filename":""}
{"level":"info","timestamp":"2024-12-01T20:21:25.581+1100","caller":"document/document_impl.go:260","message":"Processing document","taskId":"","filename":""}
{"level":"info","timestamp":"2024-12-01T20:22:26.099+1100","caller":"document/document_impl.go:260","message":"Processing document","taskId":"","filename":""}
{"level":"info","timestamp":"2024-12-01T20:24:31.175+1100","caller":"document/document_impl.go:260","message":"Processing document","taskId":"","filename":""}
{"level":"info","timestamp":"2024-12-01T20:26:34.712+1100","caller":"server/main.go:87","message":"Shutting down server..."}
{"level":"info","timestamp":"2024-12-01T20:26:38.947+1100","caller":"s3/s3.go:126","message":"S3 Configuration","bucket":"document-processors","region":"ap-southeast-2","access_key":"AKIA3FLD2GHRIOESPGFA","endpoint":""}
{"level":"info","timestamp":"2024-12-01T20:26:39.048+1100","caller":"server/main.go:75","message":"Server starting on port 8080"}
{"level":"info","timestamp":"2024-12-01T20:26:50.667+1100","caller":"document/document_impl.go:106","message":"Starting file processing","filename":"passport.jpg","size":994219}
{"level":"info","timestamp":"2024-12-01T20:26:50.878+1100","caller":"document/document_impl.go:173","message":"File processing task created","taskId":"2579f78e-6a6d-4714-8846-cbfb23b71900","filename":"passport.jpg"}
{"level":"info","timestamp":"2024-12-01T20:29:29.626+1100","caller":"server/main.go:87","message":"Shutting down server..."}
{"level":"info","timestamp":"2024-12-01T20:29:44.172+1100","caller":"s3/s3.go:126","message":"S3 Configuration","bucket":"document-processors","region":"ap-southeast-2","access_key":"AKIA3FLD2GHRIOESPGFA","endpoint":""}
{"level":"info","timestamp":"2024-12-01T20:29:44.530+1100","caller":"server/main.go:75","message":"Server starting on port 8080"}
{"level":"info","timestamp":"2024-12-01T20:29:52.034+1100","caller":"document/document_impl.go:106","message":"Starting file processing","filename":"passport.jpg","size":994219}
{"level":"info","timestamp":"2024-12-01T20:29:52.227+1100","caller":"document/document_impl.go:173","message":"File processing task created","taskId":"c3feb252-0ae5-47c3-be40-944d5d2227ec","filename":"passport.jpg"}
{"level":"info","timestamp":"2024-12-01T20:29:54.653+1100","caller":"worker/document_worker.go:60","message":"Processing document task","taskId":"","metadata":null,"payload":null}
{"level":"info","timestamp":"2024-12-01T20:30:00.286+1100","caller":"worker/document_worker.go:60","message":"Processing document task","taskId":"","metadata":null,"payload":null}
{"level":"info","timestamp":"2024-12-01T20:31:05.296+1100","caller":"worker/document_worker.go:60","message":"Processing document task","taskId":"","metadata":null,"payload":null}
{"level":"info","timestamp":"2024-12-01T20:33:10.726+1100","caller":"worker/document_worker.go:60","message":"Processing document task","taskId":"","metadata":null,"payload":null}
{"level":"info","timestamp":"2024-12-01T20:47:44.727+1100","caller":"server/main.go:87","message":"Shutting down server..."}
{"level":"info","timestamp":"2024-12-01T20:47:55.903+1100","caller":"s3/s3.go:126","message":"S3 Configuration","bucket":"document-processors","region":"ap-southeast-2","access_key":"AKIA3FLD2GHRIOESPGFA","endpoint":""}
{"level":"info","timestamp":"2024-12-01T20:47:56.091+1100","caller":"server/main.go:75","message":"Server starting on port 8080"}
{"level":"info","timestamp":"2024-12-01T20:48:11.291+1100","caller":"document/document_impl.go:106","message":"Starting file processing","filename":"passport.jpg","size":994219}
{"level":"info","timestamp":"2024-12-01T20:48:11.659+1100","caller":"document/document_impl.go:173","message":"File processing task created","taskId":"50fcbda9-6b69-48e7-820b-3c2abf8d7ffd","filename":"passport.jpg"}
{"level":"info","timestamp":"2024-12-01T20:48:16.114+1100","caller":"worker/document_worker.go:53","message":"Received task","payload":"{\"id\":\"50fcbda9-6b69-48e7-820b-3c2abf8d7ffd\",\"type\":\"document:process\",\"priority\":0,\"payload\":{\"fileId\":\"passport.jpg\",\"filename\":\"passport.jpg\",\"size\":994219,\"type\":\".jpg\"},\"metadata\":{\"filename\":\"passport.jpg\",\"size\":\"994219\",\"type\":\".jpg\"},\"createdAt\":\"2024-12-01T20:48:11.291922+11:00\"}"}
{"level":"info","timestamp":"2024-12-01T20:48:16.114+1100","caller":"worker/document_worker.go:68","message":"Processing document task","taskId":"50fcbda9-6b69-48e7-820b-3c2abf8d7ffd","metadata":{"filename":"passport.jpg","size":"994219","type":".jpg"},"payload":{"fileId":"passport.jpg","filename":"passport.jpg","size":994219,"type":".jpg"}}
{"level":"info","timestamp":"2024-12-01T20:48:16.115+1100","caller":"document/document_impl.go:264","message":"Processing document","taskId":"50fcbda9-6b69-48e7-820b-3c2abf8d7ffd","filename":"passport.jpg"}
{"level":"info","timestamp":"2024-12-01T20:48:21.543+1100","caller":"worker/document_worker.go:53","message":"Received task","payload":"{\"id\":\"50fcbda9-6b69-48e7-820b-3c2abf8d7ffd\",\"type\":\"document:process\",\"priority\":0,\"payload\":{\"fileId\":\"passport.jpg\",\"filename\":\"passport.jpg\",\"size\":994219,\"type\":\".jpg\"},\"metadata\":{\"filename\":\"passport.jpg\",\"size\":\"994219\",\"type\":\".jpg\"},\"createdAt\":\"2024-12-01T20:48:11.291922+11:00\"}"}
{"level":"info","timestamp":"2024-12-01T20:48:21.543+1100","caller":"worker/document_worker.go:68","message":"Processing document task","taskId":"50fcbda9-6b69-48e7-820b-3c2abf8d7ffd","metadata":{"filename":"passport.jpg","size":"994219","type":".jpg"},"payload":{"fileId":"passport.jpg","filename":"passport.jpg","size":994219,"type":".jpg"}}
{"level":"info","timestamp":"2024-12-01T20:48:21.544+1100","caller":"document/document_impl.go:264","message":"Processing document","taskId":"50fcbda9-6b69-48e7-820b-3c2abf8d7ffd","filename":"passport.jpg"}
{"level":"info","timestamp":"2024-12-01T20:49:22.229+1100","caller":"worker/document_worker.go:53","message":"Received task","payload":"{\"id\":\"50fcbda9-6b69-48e7-820b-3c2abf8d7ffd\",\"type\":\"document:process\",\"priority\":0,\"payload\":{\"fileId\":\"passport.jpg\",\"filename\":\"passport.jpg\",\"size\":994219,\"type\":\".jpg\"},\"metadata\":{\"filename\":\"passport.jpg\",\"size\":\"994219\",\"type\":\".jpg\"},\"createdAt\":\"2024-12-01T20:48:11.291922+11:00\"}"}
{"level":"info","timestamp":"2024-12-01T20:49:22.229+1100","caller":"worker/document_worker.go:68","message":"Processing document task","taskId":"50fcbda9-6b69-48e7-820b-3c2abf8d7ffd","metadata":{"filename":"passport.jpg","size":"994219","type":".jpg"},"payload":{"fileId":"passport.jpg","filename":"passport.jpg","size":994219,"type":".jpg"}}
{"level":"info","timestamp":"2024-12-01T20:49:22.229+1100","caller":"document/document_impl.go:264","message":"Processing document","taskId":"50fcbda9-6b69-48e7-820b-3c2abf8d7ffd","filename":"passport.jpg"}
{"level":"info","timestamp":"2024-12-01T20:50:59.680+1100","caller":"server/main.go:87","message":"Shutting down server..."}
{"level":"info","timestamp":"2024-12-01T20:51:10.928+1100","caller":"s3/s3.go:126","message":"S3 Configuration","bucket":"document-processors","region":"ap-southeast-2","access_key":"AKIA3FLD2GHRIOESPGFA","endpoint":""}
{"level":"info","timestamp":"2024-12-01T20:51:11.058+1100","caller":"server/main.go:75","message":"Server starting on port 8080"}
{"level":"info","timestamp":"2024-12-01T20:51:15.863+1100","caller":"document/document_impl.go:106","message":"Starting file processing","filename":"passport.jpg","size":994219}
{"level":"info","timestamp":"2024-12-01T20:51:16.097+1100","caller":"document/document_impl.go:173","message":"File processing task created","taskId":"c68cdd6c-275b-4491-9650-44a2bd023ded","filename":"passport.jpg"}
{"level":"info","timestamp":"2024-12-01T20:51:21.984+1100","caller":"worker/document_worker.go:53","message":"Received task","payload":"{\"id\":\"c68cdd6c-275b-4491-9650-44a2bd023ded\",\"type\":\"document:process\",\"priority\":0,\"payload\":{\"fileId\":\"passport.jpg\",\"filename\":\"passport.jpg\",\"size\":994219,\"type\":\".jpg\"},\"metadata\":{\"filename\":\"passport.jpg\",\"size\":\"994219\",\"type\":\".jpg\"},\"createdAt\":\"2024-12-01T20:51:15.863418+11:00\"}"}
{"level":"info","timestamp":"2024-12-01T20:51:21.985+1100","caller":"worker/document_worker.go:68","message":"Processing document task","taskId":"c68cdd6c-275b-4491-9650-44a2bd023ded","metadata":{"filename":"passport.jpg","size":"994219","type":".jpg"},"payload":{"fileId":"passport.jpg","filename":"passport.jpg","size":994219,"type":".jpg"}}
{"level":"info","timestamp":"2024-12-01T20:51:21.985+1100","caller":"document/document_impl.go:264","message":"Processing document","taskId":"c68cdd6c-275b-4491-9650-44a2bd023ded","filename":"passport.jpg"}
{"level":"info","timestamp":"2024-12-01T20:51:26.323+1100","caller":"worker/document_worker.go:53","message":"Received task","payload":"{\"id\":\"c68cdd6c-275b-4491-9650-44a2bd023ded\",\"type\":\"document:process\",\"priority\":0,\"payload\":{\"fileId\":\"passport.jpg\",\"filename\":\"passport.jpg\",\"size\":994219,\"type\":\".jpg\"},\"metadata\":{\"filename\":\"passport.jpg\",\"size\":\"994219\",\"type\":\".jpg\"},\"createdAt\":\"2024-12-01T20:51:15.863418+11:00\"}"}
{"level":"info","timestamp":"2024-12-01T20:51:26.323+1100","caller":"worker/document_worker.go:68","message":"Processing document task","taskId":"c68cdd6c-275b-4491-9650-44a2bd023ded","metadata":{"filename":"passport.jpg","size":"994219","type":".jpg"},"payload":{"fileId":"passport.jpg","filename":"passport.jpg","size":994219,"type":".jpg"}}
{"level":"info","timestamp":"2024-12-01T20:51:26.324+1100","caller":"document/document_impl.go:264","message":"Processing document","taskId":"c68cdd6c-275b-4491-9650-44a2bd023ded","filename":"passport.jpg"}
{"level":"info","timestamp":"2024-12-01T20:52:26.862+1100","caller":"worker/document_worker.go:53","message":"Received task","payload":"{\"id\":\"c68cdd6c-275b-4491-9650-44a2bd023ded\",\"type\":\"document:process\",\"priority\":0,\"payload\":{\"fileId\":\"passport.jpg\",\"filename\":\"passport.jpg\",\"size\":994219,\"type\":\".jpg\"},\"metadata\":{\"filename\":\"passport.jpg\",\"size\":\"994219\",\"type\":\".jpg\"},\"createdAt\":\"2024-12-01T20:51:15.863418+11:00\"}"}
{"level":"info","timestamp":"2024-12-01T20:52:26.862+1100","caller":"worker/document_worker.go:68","message":"Processing document task","taskId":"c68cdd6c-275b-4491-9650-44a2bd023ded","metadata":{"filename":"passport.jpg","size":"994219","type":".jpg"},"payload":{"fileId":"passport.jpg","filename":"passport.jpg","size":994219,"type":".jpg"}}
{"level":"info","timestamp":"2024-12-01T20:52:26.862+1100","caller":"document/document_impl.go:264","message":"Processing document","taskId":"c68cdd6c-275b-4491-9650-44a2bd023ded","filename":"passport.jpg"}
{"level":"info","timestamp":"2024-12-01T20:54:26.890+1100","caller":"worker/document_worker.go:53","message":"Received task","payload":"{\"id\":\"c68cdd6c-275b-4491-9650-44a2bd023ded\",\"type\":\"document:process\",\"priority\":0,\"payload\":{\"fileId\":\"passport.jpg\",\"filename\":\"passport.jpg\",\"size\":994219,\"type\":\".jpg\"},\"metadata\":{\"filename\":\"passport.jpg\",\"size\":\"994219\",\"type\":\".jpg\"},\"createdAt\":\"2024-12-01T20:51:15.863418+11:00\"}"}
{"level":"info","timestamp":"2024-12-01T20:54:26.891+1100","caller":"worker/document_worker.go:68","message":"Processing document task","taskId":"c68cdd6c-275b-4491-9650-44a2bd023ded","metadata":{"filename":"passport.jpg","size":"994219","type":".jpg"},"payload":{"fileId":"passport.jpg","filename":"passport.jpg","size":994219,"type":".jpg"}}
{"level":"info","timestamp":"2024-12-01T20:54:26.891+1100","caller":"document/document_impl.go:264","message":"Processing document","taskId":"c68cdd6c-275b-4491-9650-44a2bd023ded","filename":"passport.jpg"}
{"level":"info","timestamp":"2024-12-01T20:55:34.922+1100","caller":"server/main.go:87","message":"Shutting down server..."}
{"level":"info","timestamp":"2024-12-01T20:55:44.502+1100","caller":"s3/s3.go:126","message":"S3 Configuration","bucket":"document-processors","region":"ap-southeast-2","access_key":"AKIA3FLD2GHRIOESPGFA","endpoint":""}
{"level":"info","timestamp":"2024-12-01T20:55:44.620+1100","caller":"server/main.go:75","message":"Server starting on port 8080"}
{"level":"info","timestamp":"2024-12-01T20:55:50.629+1100","caller":"document/document_impl.go:106","message":"Starting file processing","filename":"passport.jpg","size":994219}
{"level":"info","timestamp":"2024-12-01T20:55:50.896+1100","caller":"document/document_impl.go:173","message":"File processing task created","taskId":"00919e6b-45c9-44af-96a0-59887d42a45c","filename":"passport.jpg"}
{"level":"info","timestamp":"2024-12-01T20:55:55.219+1100","caller":"worker/document_worker.go:53","message":"Received task","payload":"{\"id\":\"00919e6b-45c9-44af-96a0-59887d42a45c\",\"type\":\"document:process\",\"priority\":0,\"payload\":{\"fileId\":\"passport.jpg\",\"filename\":\"passport.jpg\",\"size\":994219,\"type\":\".jpg\"},\"metadata\":{\"filename\":\"passport.jpg\",\"size\":\"994219\",\"type\":\".jpg\"},\"createdAt\":\"2024-12-01T20:55:50.630027+11:00\"}"}
{"level":"info","timestamp":"2024-12-01T20:55:55.220+1100","caller":"worker/document_worker.go:68","message":"Processing document task","taskId":"00919e6b-45c9-44af-96a0-59887d42a45c","metadata":{"filename":"passport.jpg","size":"994219","type":".jpg"},"payload":{"fileId":"passport.jpg","filename":"passport.jpg","size":994219,"type":".jpg"}}
{"level":"info","timestamp":"2024-12-01T20:55:55.220+1100","caller":"document/document_impl.go:264","message":"Processing document","taskId":"00919e6b-45c9-44af-96a0-59887d42a45c","filename":"passport.jpg"}
{"level":"info","timestamp":"2024-12-01T20:55:55.247+1100","caller":"agent/processor_factory.go:54","message":"Getting processor","fileType":".jpg"}
{"level":"info","timestamp":"2024-12-01T20:55:55.247+1100","caller":"agent/processor_factory.go:67","message":"Mapped MIME type","fileType":".jpg","mimeType":"image/jpeg"}
{"level":"info","timestamp":"2024-12-01T20:55:57.755+1100","caller":"document/document_impl.go:315","message":"Document processing completed","taskId":"00919e6b-45c9-44af-96a0-59887d42a45c","chunkCount":1}
{"level":"error","timestamp":"2024-12-01T20:55:59.615+1100","caller":"handlers/document.go:177","message":"Failed to get status","path":"/api/v1/documents/status/00919e6b-45c9-44af-96a0-59887d42a45c","error":"failed to get task status: failed to get task info: asynq: task not found"}
{"level":"info","timestamp":"2024-12-01T21:04:22.121+1100","caller":"server/main.go:87","message":"Shutting down server..."}
{"level":"info","timestamp":"2024-12-01T21:04:35.242+1100","caller":"s3/s3.go:126","message":"S3 Configuration","bucket":"document-processors","region":"ap-southeast-2","access_key":"AKIA3FLD2GHRIOESPGFA","endpoint":""}
{"level":"info","timestamp":"2024-12-01T21:04:35.405+1100","caller":"server/main.go:75","message":"Server starting on port 8080"}
{"level":"info","timestamp":"2024-12-01T21:04:52.818+1100","caller":"document/document_impl.go:106","message":"Starting file processing","filename":"Resume.pdf","size":116687}
{"level":"info","timestamp":"2024-12-01T21:04:52.959+1100","caller":"document/document_impl.go:173","message":"File processing task created","taskId":"8634a1ab-4b24-4768-acd8-bbb60fb09bec","filename":"Resume.pdf"}
{"level":"info","timestamp":"2024-12-01T21:04:56.241+1100","caller":"worker/document_worker.go:53","message":"Received task","payload":"{\"id\":\"8634a1ab-4b24-4768-acd8-bbb60fb09bec\",\"type\":\"document:process\",\"priority\":0,\"payload\":{\"fileId\":\"Resume.pdf\",\"filename\":\"Resume.pdf\",\"size\":116687,\"type\":\".pdf\"},\"metadata\":{\"filename\":\"Resume.pdf\",\"size\":\"116687\",\"type\":\".pdf\"},\"createdAt\":\"2024-12-01T21:04:52.818874+11:00\"}"}
{"level":"info","timestamp":"2024-12-01T21:04:56.241+1100","caller":"worker/document_worker.go:68","message":"Processing document task","taskId":"8634a1ab-4b24-4768-acd8-bbb60fb09bec","metadata":{"filename":"Resume.pdf","size":"116687","type":".pdf"},"payload":{"fileId":"Resume.pdf","filename":"Resume.pdf","size":116687,"type":".pdf"}}
{"level":"info","timestamp":"2024-12-01T21:04:56.242+1100","caller":"document/document_impl.go:264","message":"Processing document","taskId":"8634a1ab-4b24-4768-acd8-bbb60fb09bec","filename":"Resume.pdf"}
{"level":"info","timestamp":"2024-12-01T21:04:56.278+1100","caller":"agent/processor_factory.go:54","message":"Getting processor","fileType":".pdf"}
{"level":"info","timestamp":"2024-12-01T21:04:56.279+1100","caller":"agent/processor_factory.go:67","message":"Mapped MIME type","fileType":".pdf","mimeType":"application/pdf"}
{"level":"info","timestamp":"2024-12-01T21:04:56.330+1100","caller":"document/document_impl.go:315","message":"Document processing completed","taskId":"8634a1ab-4b24-4768-acd8-bbb60fb09bec","chunkCount":2}
{"level":"info","timestamp":"2024-12-01T21:37:43.584+1100","caller":"server/main.go:87","message":"Shutting down server..."}
{"level":"info","timestamp":"2024-12-01T21:37:47.892+1100","caller":"s3/s3.go:126","message":"S3 Configuration","bucket":"document-processors","region":"ap-southeast-2","access_key":"AKIA3FLD2GHRIOESPGFA","endpoint":""}
{"level":"info","timestamp":"2024-12-01T21:39:20.260+1100","caller":"s3/s3.go:126","message":"S3 Configuration","bucket":"document-processors","region":"ap-southeast-2","access_key":"AKIA3FLD2GHRIOESPGFA","endpoint":""}
{"level":"info","timestamp":"2024-12-01T21:39:20.371+1100","caller":"server/main.go:75","message":"Server starting on port 8080"}
{"level":"info","timestamp":"2024-12-01T21:39:32.772+1100","caller":"document/document_impl.go:106","message":"Starting file processing","filename":"passport.jpg","size":994219}
{"level":"info","timestamp":"2024-12-01T21:39:32.962+1100","caller":"document/document_impl.go:173","message":"File processing task created","taskId":"205312ba-242a-48f6-80b1-67f925b1f987","filename":"passport.jpg"}
{"level":"info","timestamp":"2024-12-01T21:39:35.647+1100","caller":"worker/document_worker.go:53","message":"Received task","payload":"{\"id\":\"205312ba-242a-48f6-80b1-67f925b1f987\",\"type\":\"document:process\",\"priority\":0,\"payload\":{\"fileId\":\"passport.jpg\",\"filename\":\"passport.jpg\",\"size\":994219,\"type\":\".jpg\"},\"metadata\":{\"filename\":\"passport.jpg\",\"size\":\"994219\",\"type\":\".jpg\"},\"createdAt\":\"2024-12-01T21:39:32.773381+11:00\"}"}
{"level":"info","timestamp":"2024-12-01T21:39:35.648+1100","caller":"worker/document_worker.go:68","message":"Processing document task","taskId":"205312ba-242a-48f6-80b1-67f925b1f987","metadata":{"filename":"passport.jpg","size":"994219","type":".jpg"},"payload":{"fileId":"passport.jpg","filename":"passport.jpg","size":994219,"type":".jpg"}}
{"level":"info","timestamp":"2024-12-01T21:39:35.648+1100","caller":"document/document_impl.go:264","message":"Processing document","taskId":"205312ba-242a-48f6-80b1-67f925b1f987","filename":"passport.jpg"}
{"level":"info","timestamp":"2024-12-01T21:39:35.677+1100","caller":"agent/processor_factory.go:54","message":"Getting processor","fileType":".jpg"}
{"level":"info","timestamp":"2024-12-01T21:39:35.678+1100","caller":"agent/processor_factory.go:67","message":"Mapped MIME type","fileType":".jpg","mimeType":"image/jpeg"}
{"level":"info","timestamp":"2024-12-01T21:39:40.965+1100","caller":"worker/document_worker.go:53","message":"Received task","payload":"{\"id\":\"205312ba-242a-48f6-80b1-67f925b1f987\",\"type\":\"document:process\",\"priority\":0,\"payload\":{\"fileId\":\"passport.jpg\",\"filename\":\"passport.jpg\",\"size\":994219,\"type\":\".jpg\"},\"metadata\":{\"filename\":\"passport.jpg\",\"size\":\"994219\",\"type\":\".jpg\"},\"createdAt\":\"2024-12-01T21:39:32.773381+11:00\"}"}
{"level":"info","timestamp":"2024-12-01T21:39:40.966+1100","caller":"worker/document_worker.go:68","message":"Processing document task","taskId":"205312ba-242a-48f6-80b1-67f925b1f987","metadata":{"filename":"passport.jpg","size":"994219","type":".jpg"},"payload":{"fileId":"passport.jpg","filename":"passport.jpg","size":994219,"type":".jpg"}}
{"level":"info","timestamp":"2024-12-01T21:39:40.966+1100","caller":"document/document_impl.go:264","message":"Processing document","taskId":"205312ba-242a-48f6-80b1-67f925b1f987","filename":"passport.jpg"}
{"level":"info","timestamp":"2024-12-01T21:39:41.000+1100","caller":"agent/processor_factory.go:54","message":"Getting processor","fileType":".jpg"}
{"level":"info","timestamp":"2024-12-01T21:39:41.001+1100","caller":"agent/processor_factory.go:67","message":"Mapped MIME type","fileType":".jpg","mimeType":"image/jpeg"}
{"level":"error","timestamp":"2024-12-01T21:39:44.069+1100","caller":"handlers/document.go:177","message":"Failed to get status","path":"/api/v1/documents/status/205312ba-242a-48f6-80b1-67f925b1f987","error":"failed to get task status: failed to get task status: redis: nil"}
{"level":"info","timestamp":"2024-12-01T21:40:45.918+1100","caller":"worker/document_worker.go:53","message":"Received task","payload":"{\"id\":\"205312ba-242a-48f6-80b1-67f925b1f987\",\"type\":\"document:process\",\"priority\":0,\"payload\":{\"fileId\":\"passport.jpg\",\"filename\":\"passport.jpg\",\"size\":994219,\"type\":\".jpg\"},\"metadata\":{\"filename\":\"passport.jpg\",\"size\":\"994219\",\"type\":\".jpg\"},\"createdAt\":\"2024-12-01T21:39:32.773381+11:00\"}"}
{"level":"info","timestamp":"2024-12-01T21:40:45.919+1100","caller":"worker/document_worker.go:68","message":"Processing document task","taskId":"205312ba-242a-48f6-80b1-67f925b1f987","metadata":{"filename":"passport.jpg","size":"994219","type":".jpg"},"payload":{"fileId":"passport.jpg","filename":"passport.jpg","size":994219,"type":".jpg"}}
{"level":"info","timestamp":"2024-12-01T21:40:45.919+1100","caller":"document/document_impl.go:264","message":"Processing document","taskId":"205312ba-242a-48f6-80b1-67f925b1f987","filename":"passport.jpg"}
{"level":"info","timestamp":"2024-12-01T21:40:46.017+1100","caller":"agent/processor_factory.go:54","message":"Getting processor","fileType":".jpg"}
{"level":"info","timestamp":"2024-12-01T21:40:46.017+1100","caller":"agent/processor_factory.go:67","message":"Mapped MIME type","fileType":".jpg","mimeType":"image/jpeg"}
{"level":"error","timestamp":"2024-12-01T21:41:01.072+1100","caller":"handlers/document.go:177","message":"Failed to get status","path":"/api/v1/documents/status/205312ba-242a-48f6-80b1-67f925b1f987","error":"failed to get task status: failed to get task status: redis: nil"}
{"level":"info","timestamp":"2024-12-01T21:42:50.904+1100","caller":"worker/document_worker.go:53","message":"Received task","payload":"{\"id\":\"205312ba-242a-48f6-80b1-67f925b1f987\",\"type\":\"document:process\",\"priority\":0,\"payload\":{\"fileId\":\"passport.jpg\",\"filename\":\"passport.jpg\",\"size\":994219,\"type\":\".jpg\"},\"metadata\":{\"filename\":\"passport.jpg\",\"size\":\"994219\",\"type\":\".jpg\"},\"createdAt\":\"2024-12-01T21:39:32.773381+11:00\"}"}
{"level":"info","timestamp":"2024-12-01T21:42:50.904+1100","caller":"worker/document_worker.go:68","message":"Processing document task","taskId":"205312ba-242a-48f6-80b1-67f925b1f987","metadata":{"filename":"passport.jpg","size":"994219","type":".jpg"},"payload":{"fileId":"passport.jpg","filename":"passport.jpg","size":994219,"type":".jpg"}}
{"level":"info","timestamp":"2024-12-01T21:42:50.904+1100","caller":"document/document_impl.go:264","message":"Processing document","taskId":"205312ba-242a-48f6-80b1-67f925b1f987","filename":"passport.jpg"}
{"level":"info","timestamp":"2024-12-01T21:42:51.002+1100","caller":"agent/processor_factory.go:54","message":"Getting processor","fileType":".jpg"}
{"level":"info","timestamp":"2024-12-01T21:42:51.003+1100","caller":"agent/processor_factory.go:67","message":"Mapped MIME type","fileType":".jpg","mimeType":"image/jpeg"}
{"level":"info","timestamp":"2024-12-01T21:42:54.629+1100","caller":"server/main.go:87","message":"Shutting down server..."}
{"level":"info","timestamp":"2024-12-01T21:42:57.951+1100","caller":"s3/s3.go:126","message":"S3 Configuration","bucket":"document-processors","region":"ap-southeast-2","access_key":"AKIA3FLD2GHRIOESPGFA","endpoint":""}
{"level":"info","timestamp":"2024-12-01T21:42:58.026+1100","caller":"server/main.go:75","message":"Server starting on port 8080"}
{"level":"info","timestamp":"2024-12-01T21:43:05.036+1100","caller":"document/document_impl.go:106","message":"Starting file processing","filename":"passport.jpg","size":994219}
{"level":"info","timestamp":"2024-12-01T21:43:05.282+1100","caller":"document/document_impl.go:173","message":"File processing task created","taskId":"fcebbc2a-e2c0-42ee-80ea-dceb3afe532d","filename":"passport.jpg"}
{"level":"info","timestamp":"2024-12-01T21:43:08.947+1100","caller":"worker/document_worker.go:53","message":"Received task","payload":"{\"id\":\"fcebbc2a-e2c0-42ee-80ea-dceb3afe532d\",\"type\":\"document:process\",\"priority\":0,\"payload\":{\"fileId\":\"passport.jpg\",\"filename\":\"passport.jpg\",\"size\":994219,\"type\":\".jpg\"},\"metadata\":{\"filename\":\"passport.jpg\",\"size\":\"994219\",\"type\":\".jpg\"},\"createdAt\":\"2024-12-01T21:43:05.03613+11:00\"}"}
{"level":"info","timestamp":"2024-12-01T21:43:08.948+1100","caller":"worker/document_worker.go:68","message":"Processing document task","taskId":"fcebbc2a-e2c0-42ee-80ea-dceb3afe532d","metadata":{"filename":"passport.jpg","size":"994219","type":".jpg"},"payload":{"fileId":"passport.jpg","filename":"passport.jpg","size":994219,"type":".jpg"}}
{"level":"info","timestamp":"2024-12-01T21:43:08.948+1100","caller":"document/document_impl.go:264","message":"Processing document","taskId":"fcebbc2a-e2c0-42ee-80ea-dceb3afe532d","filename":"passport.jpg"}
{"level":"info","timestamp":"2024-12-01T21:43:08.973+1100","caller":"agent/processor_factory.go:54","message":"Getting processor","fileType":".jpg"}
{"level":"info","timestamp":"2024-12-01T21:43:08.973+1100","caller":"agent/processor_factory.go:67","message":"Mapped MIME type","fileType":".jpg","mimeType":"image/jpeg"}
{"level":"error","timestamp":"2024-12-01T21:43:13.749+1100","caller":"handlers/document.go:177","message":"Failed to get status","path":"/api/v1/documents/status/fcebbc2a-e2c0-42ee-80ea-dceb3afe532d","error":"failed to get task status: failed to get task status: redis: nil"}
{"level":"info","timestamp":"2024-12-01T21:43:31.520+1100","caller":"document/document_impl.go:315","message":"Document processing completed","taskId":"fcebbc2a-e2c0-42ee-80ea-dceb3afe532d","chunkCount":1}
{"level":"info","timestamp":"2024-12-01T22:02:25.077+1100","caller":"server/main.go:87","message":"Shutting down server..."}
{"level":"info","timestamp":"2024-12-01T22:02:28.636+1100","caller":"s3/s3.go:126","message":"S3 Configuration","bucket":"document-processors","region":"ap-southeast-2","access_key":"AKIA3FLD2GHRIOESPGFA","endpoint":""}
{"level":"info","timestamp":"2024-12-01T22:02:28.800+1100","caller":"server/main.go:75","message":"Server starting on port 8080"}
{"level":"info","timestamp":"2024-12-01T22:02:34.940+1100","caller":"document/document_impl.go:106","message":"Starting file processing","filename":"passport.jpg","size":994219}
{"level":"info","timestamp":"2024-12-01T22:02:35.162+1100","caller":"document/document_impl.go:173","message":"File processing task created","taskId":"50c0ee7f-257b-4f41-ac14-11f52d416b98","filename":"passport.jpg"}
{"level":"info","timestamp":"2024-12-01T22:02:38.970+1100","caller":"worker/document_worker.go:53","message":"Received task","payload":"{\"id\":\"50c0ee7f-257b-4f41-ac14-11f52d416b98\",\"type\":\"document:process\",\"priority\":0,\"payload\":{\"fileId\":\"passport.jpg\",\"filename\":\"passport.jpg\",\"size\":994219,\"type\":\".jpg\"},\"metadata\":{\"filename\":\"passport.jpg\",\"size\":\"994219\",\"type\":\".jpg\"},\"createdAt\":\"2024-12-01T22:02:34.940955+11:00\"}"}
{"level":"info","timestamp":"2024-12-01T22:02:38.970+1100","caller":"worker/document_worker.go:68","message":"Processing document task","taskId":"50c0ee7f-257b-4f41-ac14-11f52d416b98","metadata":{"filename":"passport.jpg","size":"994219","type":".jpg"},"payload":{"fileId":"passport.jpg","filename":"passport.jpg","size":994219,"type":".jpg"}}
{"level":"info","timestamp":"2024-12-01T22:02:38.970+1100","caller":"document/document_impl.go:264","message":"Processing document","taskId":"50c0ee7f-257b-4f41-ac14-11f52d416b98","filename":"passport.jpg"}
{"level":"info","timestamp":"2024-12-01T22:02:39.071+1100","caller":"agent/processor_factory.go:54","message":"Getting processor","fileType":".jpg"}
{"level":"info","timestamp":"2024-12-01T22:02:39.072+1100","caller":"agent/processor_factory.go:67","message":"Mapped MIME type","fileType":".jpg","mimeType":"image/jpeg"}
{"level":"error","timestamp":"2024-12-01T22:02:44.683+1100","caller":"handlers/document.go:177","message":"Failed to get status","path":"/api/v1/documents/status/50c0ee7f-257b-4f41-ac14-11f52d416b98","error":"failed to get task status: failed to get task status: redis: nil"}
{"level":"error","timestamp":"2024-12-01T22:02:46.610+1100","caller":"handlers/document.go:177","message":"Failed to get status","path":"/api/v1/documents/status/50c0ee7f-257b-4f41-ac14-11f52d416b98","error":"failed to get task status: failed to get task status: redis: nil"}
{"level":"error","timestamp":"2024-12-01T22:02:48.048+1100","caller":"handlers/document.go:177","message":"Failed to get status","path":"/api/v1/documents/status/50c0ee7f-257b-4f41-ac14-11f52d416b98","error":"failed to get task status: failed to get task status: redis: nil"}
{"level":"info","timestamp":"2024-12-01T22:03:08.036+1100","caller":"document/document_impl.go:315","message":"Document processing completed","taskId":"50c0ee7f-257b-4f41-ac14-11f52d416b98","chunkCount":1}
{"level":"info","timestamp":"2024-12-01T22:06:39.372+1100","caller":"server/main.go:87","message":"Shutting down server..."}
{"level":"info","timestamp":"2024-12-02T10:57:28.243+1100","caller":"s3/s3.go:126","message":"S3 Configuration","bucket":"document-processors","region":"ap-southeast-2","access_key":"AKIA3FLD2GHRIOESPGFA","endpoint":""}
{"level":"info","timestamp":"2024-12-02T10:57:28.490+1100","caller":"server/main.go:49","message":"Server starting on port 8080"}
{"level":"info","timestamp":"2024-12-02T10:58:34.574+1100","caller":"document/document_impl.go:106","message":"Starting file processing","filename":"passport.jpg","size":994219}
{"level":"info","timestamp":"2024-12-02T10:58:35.020+1100","caller":"document/document_impl.go:173","message":"File processing task created","taskId":"36bdd108-0af0-4be8-9fa0-b0fc95a01291","filename":"passport.jpg"}
{"level":"error","timestamp":"2024-12-02T10:58:49.602+1100","caller":"handlers/document.go:177","message":"Failed to get status","path":"/api/v1/documents/status/36bdd108-0af0-4be8-9fa0-b0fc95a01291","error":"failed to get task status: failed to get task status: redis: nil"}
{"level":"info","timestamp":"2024-12-02T11:09:09.151+1100","caller":"document/document_impl.go:106","message":"Starting file processing","filename":"test.jpg","size":73717}
{"level":"info","timestamp":"2024-12-02T11:09:09.512+1100","caller":"document/document_impl.go:173","message":"File processing task created","taskId":"38e69c7f-ac16-4805-be07-6e4c113cb8eb","filename":"test.jpg"}
{"level":"error","timestamp":"2024-12-02T11:09:23.139+1100","caller":"handlers/document.go:177","message":"Failed to get status","path":"/api/v1/documents/status/38e69c7f-ac16-4805-be07-6e4c113cb8eb","error":"failed to get task status: failed to get task status: redis: nil"}
{"level":"info","timestamp":"2024-12-02T11:17:41.412+1100","caller":"server/main.go:61","message":"Shutting down server..."}
{"level":"info","timestamp":"2024-12-02T14:46:51.109+1100","caller":"s3/s3.go:126","message":"S3 Configuration","bucket":"document-processors","region":"ap-southeast-2","access_key":"AKIA3FLD2GHRIOESPGFA","endpoint":""}
{"level":"info","timestamp":"2024-12-02T14:46:51.310+1100","caller":"server/main.go:49","message":"Server starting on port 8080"}
{"level":"info","timestamp":"2024-12-02T14:47:06.237+1100","caller":"document/document_impl.go:106","message":"Starting file processing","filename":"test.jpg","size":73717}
{"level":"info","timestamp":"2024-12-02T14:47:06.366+1100","caller":"document/document_impl.go:173","message":"File processing task created","taskId":"c448b503-b726-445d-8433-f11227f3b4c6","filename":"test.jpg"}
{"level":"info","timestamp":"2024-12-02T14:48:26.149+1100","caller":"document/document_impl.go:106","message":"Starting file processing","filename":"test.png","size":77212}
{"level":"info","timestamp":"2024-12-02T14:48:26.272+1100","caller":"document/document_impl.go:173","message":"File processing task created","taskId":"a58579ca-ebac-4d22-be81-ab06af0237b3","filename":"test.png"}
{"level":"info","timestamp":"2024-12-02T14:59:50.845+1100","caller":"document/document_impl.go:190","message":"Starting batch processing","fileCount":2}
{"level":"info","timestamp":"2024-12-02T14:59:50.846+1100","caller":"document/document_impl.go:106","message":"Starting file processing","filename":"test.jpg","size":73717}
{"level":"info","timestamp":"2024-12-02T14:59:50.846+1100","caller":"document/document_impl.go:106","message":"Starting file processing","filename":"test.png","size":77212}
{"level":"info","timestamp":"2024-12-02T14:59:50.977+1100","caller":"document/document_impl.go:173","message":"File processing task created","taskId":"b1394d80-c64b-4e84-8c25-e294b17d8a44","filename":"test.png"}
{"level":"info","timestamp":"2024-12-02T14:59:50.980+1100","caller":"document/document_impl.go:173","message":"File processing task created","taskId":"d0c96f71-784a-42b0-9296-d60956216dab","filename":"test.jpg"}
{"level":"info","timestamp":"2024-12-02T14:59:50.980+1100","caller":"document/document_impl.go:251","message":"Batch processing completed","successCount":2}
{"level":"info","timestamp":"2024-12-02T15:11:21.412+1100","caller":"server/main.go:61","message":"Shutting down server..."}
{"level":"info","timestamp":"2024-12-02T15:11:24.404+1100","caller":"s3/s3.go:126","message":"S3 Configuration","bucket":"document-processors","region":"ap-southeast-2","access_key":"AKIA3FLD2GHRIOESPGFA","endpoint":""}
{"level":"info","timestamp":"2024-12-02T15:11:24.517+1100","caller":"server/main.go:49","message":"Server starting on port 8080"}
{"level":"info","timestamp":"2024-12-02T15:13:35.025+1100","caller":"server/main.go:61","message":"Shutting down server..."}
{"level":"info","timestamp":"2024-12-02T15:13:36.997+1100","caller":"s3/s3.go:126","message":"S3 Configuration","bucket":"document-processors","region":"ap-southeast-2","access_key":"AKIA3FLD2GHRIOESPGFA","endpoint":""}
{"level":"info","timestamp":"2024-12-02T15:13:37.042+1100","caller":"server/main.go:49","message":"Server starting on port 8080"}
{"level":"info","timestamp":"2024-12-02T16:16:15.056+1100","caller":"server/main.go:61","message":"Shutting down server..."}
{"level":"info","timestamp":"2024-12-02T16:17:22.126+1100","caller":"s3/s3.go:126","message":"S3 Configuration","bucket":"document-processors","region":"ap-southeast-2","access_key":"AKIA3FLD2GHRIOESPGFA","endpoint":""}
{"level":"info","timestamp":"2024-12-02T16:17:22.322+1100","caller":"server/main.go:49","message":"Server starting on port 8080"}
{"level":"info","timestamp":"2024-12-02T16:17:31.728+1100","caller":"document/document_impl.go:107","message":"Starting file processing","filename":"test.pdf","size":116687}
{"level":"info","timestamp":"2024-12-02T16:17:31.728+1100","caller":"document/document_impl.go:107","message":"Starting file processing","filename":"test.jpg","size":73717}
{"level":"info","timestamp":"2024-12-02T16:17:31.728+1100","caller":"document/document_impl.go:107","message":"Starting file processing","filename":"test.png","size":77212}
{"level":"info","timestamp":"2024-12-02T16:17:31.805+1100","caller":"document/document_impl.go:174","message":"File processing task created","taskId":"c2c35a3d-fc8d-45cf-96aa-09cda3bb6987","filename":"test.jpg"}
{"level":"info","timestamp":"2024-12-02T16:17:31.821+1100","caller":"document/document_impl.go:174","message":"File processing task created","taskId":"2a685fb7-ae21-43b9-8e6c-d7ee1a647e56","filename":"test.png"}
{"level":"info","timestamp":"2024-12-02T16:17:31.835+1100","caller":"document/document_impl.go:174","message":"File processing task created","taskId":"8a2a8c2c-0a06-4be4-b9ae-7e7d5b4e5a73","filename":"test.pdf"}
{"level":"info","timestamp":"2024-12-02T16:23:50.230+1100","caller":"document/document_impl.go:107","message":"Starting file processing","filename":"test.png","size":77212}
{"level":"info","timestamp":"2024-12-02T16:23:50.501+1100","caller":"document/document_impl.go:174","message":"File processing task created","taskId":"df6262fa-bb39-4380-b4cc-0556b6591c4b","filename":"test.png"}
{"level":"info","timestamp":"2024-12-02T16:55:04.399+1100","caller":"server/main.go:61","message":"Shutting down server..."}
{"level":"info","timestamp":"2024-12-02T16:55:06.449+1100","caller":"s3/s3.go:126","message":"S3 Configuration","bucket":"document-processors","region":"ap-southeast-2","access_key":"AKIA3FLD2GHRIOESPGFA","endpoint":""}
{"level":"info","timestamp":"2024-12-02T16:55:06.493+1100","caller":"server/main.go:49","message":"Server starting on port 8080"}
{"level":"info","timestamp":"2024-12-02T16:55:15.069+1100","caller":"document/document_impl.go:107","message":"Starting file processing","filename":"test.png","size":77212}
{"level":"info","timestamp":"2024-12-02T16:55:15.158+1100","caller":"document/document_impl.go:174","message":"File processing task created","taskId":"99271a9e-f509-45d1-89a6-750d79323f98","filename":"test.png"}
{"level":"info","timestamp":"2024-12-02T17:07:18.807+1100","caller":"document/document_impl.go:107","message":"Starting file processing","filename":"test.png","size":77212}
{"level":"info","timestamp":"2024-12-02T17:07:18.807+1100","caller":"document/document_impl.go:107","message":"Starting file processing","filename":"test.jpg","size":73717}
{"level":"info","timestamp":"2024-12-02T17:07:18.807+1100","caller":"document/document_impl.go:107","message":"Starting file processing","filename":"test.pdf","size":116687}
{"level":"info","timestamp":"2024-12-02T17:07:19.023+1100","caller":"document/document_impl.go:174","message":"File processing task created","taskId":"01e8b435-3e19-4c03-9652-2b3ef2a1bab8","filename":"test.png"}
{"level":"info","timestamp":"2024-12-02T17:07:19.027+1100","caller":"document/document_impl.go:174","message":"File processing task created","taskId":"a8264806-e2c5-4544-9d0e-614f2724bf4f","filename":"test.jpg"}
{"level":"info","timestamp":"2024-12-02T17:07:19.058+1100","caller":"document/document_impl.go:174","message":"File processing task created","taskId":"6ea461e9-a081-45f1-a9bd-1f07aeb58996","filename":"test.pdf"}
{"level":"error","timestamp":"2024-12-02T17:07:31.646+1100","caller":"handlers/document.go:177","message":"Failed to get status","path":"/api/v1/documents/status/a8264806-e2c5-4544-9d0e-614f2724bf4f","error":"failed to get task status: failed to get task status: redis: nil"}
{"level":"error","timestamp":"2024-12-02T17:07:33.049+1100","caller":"handlers/document.go:177","message":"Failed to get status","path":"/api/v1/documents/status/a8264806-e2c5-4544-9d0e-614f2724bf4f","error":"failed to get task status: failed to get task status: redis: nil"}
{"level":"error","timestamp":"2024-12-02T17:07:33.763+1100","caller":"handlers/document.go:177","message":"Failed to get status","path":"/api/v1/documents/status/a8264806-e2c5-4544-9d0e-614f2724bf4f","error":"failed to get task status: failed to get task status: redis: nil"}
{"level":"error","timestamp":"2024-12-02T17:07:34.310+1100","caller":"handlers/document.go:177","message":"Failed to get status","path":"/api/v1/documents/status/a8264806-e2c5-4544-9d0e-614f2724bf4f","error":"failed to get task status: failed to get task status: redis: nil"}
{"level":"info","timestamp":"2024-12-02T17:09:10.343+1100","caller":"server/main.go:61","message":"Shutting down server..."}
{"level":"info","timestamp":"2024-12-02T17:09:23.305+1100","caller":"s3/s3.go:126","message":"S3 Configuration","bucket":"document-processors","region":"ap-southeast-2","access_key":"AKIA3FLD2GHRIOESPGFA","endpoint":""}
{"level":"info","timestamp":"2024-12-02T17:09:23.385+1100","caller":"server/main.go:49","message":"Server starting on port 8080"}
{"level":"info","timestamp":"2024-12-02T17:10:05.865+1100","caller":"document/document_impl.go:107","message":"Starting file processing","filename":"test.pdf","size":116687}
{"level":"info","timestamp":"2024-12-02T17:10:05.865+1100","caller":"document/document_impl.go:107","message":"Starting file processing","filename":"test.png","size":77212}
{"level":"info","timestamp":"2024-12-02T17:10:05.865+1100","caller":"document/document_impl.go:107","message":"Starting file processing","filename":"test.jpg","size":73717}
{"level":"info","timestamp":"2024-12-02T17:10:05.995+1100","caller":"document/document_impl.go:189","message":"File processing task created","taskId":"dbb71419-895d-4397-81a9-3c8fa9cb7e58","filename":"test.jpg"}
{"level":"info","timestamp":"2024-12-02T17:10:05.995+1100","caller":"document/document_impl.go:189","message":"File processing task created","taskId":"e3d98a95-929f-4841-99a5-85a536e6ea00","filename":"test.pdf"}
{"level":"info","timestamp":"2024-12-02T17:10:05.996+1100","caller":"document/document_impl.go:189","message":"File processing task created","taskId":"6db3d35b-b862-4cfd-b8c8-58db2b0a8c50","filename":"test.png"}
{"level":"info","timestamp":"2024-12-02T18:39:44.313+1100","caller":"server/main.go:61","message":"Shutting down server..."}
{"level":"info","timestamp":"2024-12-02T19:07:42.143+1100","caller":"s3/s3.go:126","message":"S3 Configuration","bucket":"document-processors","region":"ap-southeast-2","access_key":"AKIA3FLD2GHRIOESPGFA","endpoint":""}
{"level":"info","timestamp":"2024-12-02T19:07:42.192+1100","caller":"server/main.go:49","message":"Server starting on port 8080"}
{"level":"error","timestamp":"2024-12-02T19:07:56.253+1100","caller":"handlers/document.go:177","message":"Invalid file upload","path":"/api/v1/documents/process","error":"request Content-Type isn't multipart/form-data"}
{"level":"info","timestamp":"2024-12-02T19:09:17.715+1100","caller":"document/document_impl.go:107","message":"Starting file processing","filename":"test.pdf","size":116687}
{"level":"info","timestamp":"2024-12-02T19:09:17.808+1100","caller":"document/document_impl.go:189","message":"File processing task created","taskId":"dcb52cab-8115-49b2-a432-39ad1e3076b4","filename":"test.pdf"}
{"level":"error","timestamp":"2024-12-02T19:09:48.706+1100","caller":"handlers/document.go:177","message":"Invalid file upload","path":"/api/v1/documents/process","error":"request Content-Type isn't multipart/form-data"}
{"level":"info","timestamp":"2024-12-02T19:11:21.428+1100","caller":"document/document_impl.go:107","message":"Starting file processing","filename":"test.jpg","size":73717}
{"level":"info","timestamp":"2024-12-02T19:11:21.525+1100","caller":"document/document_impl.go:189","message":"File processing task created","taskId":"07ec7419-06cc-421f-918a-885a583f1a6c","filename":"test.jpg"}
{"level":"info","timestamp":"2024-12-02T19:16:56.008+1100","caller":"server/main.go:61","message":"Shutting down server..."}
{"level":"info","timestamp":"2024-12-02T19:17:07.965+1100","caller":"s3/s3.go:126","message":"S3 Configuration","bucket":"document-processors","region":"ap-southeast-2","access_key":"AKIA3FLD2GHRIOESPGFA","endpoint":""}
{"level":"info","timestamp":"2024-12-02T19:17:08.063+1100","caller":"server/main.go:49","message":"Server starting on port 8080"}
{"level":"info","timestamp":"2024-12-02T19:17:26.988+1100","caller":"document/document_impl.go:107","message":"Starting file processing","filename":"test.jpg","size":73717}
{"level":"info","timestamp":"2024-12-02T19:17:27.105+1100","caller":"document/document_impl.go:189","message":"File processing task created","taskId":"836b87cd-ad82-40b8-a3b8-15edd08e2b26","filename":"test.jpg"}
{"level":"info","timestamp":"2024-12-02T19:42:26.714+1100","caller":"server/main.go:61","message":"Shutting down server..."}
{"level":"info","timestamp":"2024-12-02T19:43:42.552+1100","caller":"s3/s3.go:126","message":"S3 Configuration","bucket":"document-processors","region":"ap-southeast-2","access_key":"AKIA3FLD2GHRIOESPGFA","endpoint":""}
{"level":"info","timestamp":"2024-12-02T19:43:42.658+1100","caller":"server/main.go:49","message":"Server starting on port 8080"}
{"level":"info","timestamp":"2024-12-02T19:44:03.931+1100","caller":"document/document_impl.go:107","message":"Starting file processing","filename":"test.jpg","size":73717}
{"level":"info","timestamp":"2024-12-02T19:44:04.025+1100","caller":"document/document_impl.go:189","message":"File processing task created","taskId":"92f1895e-ddee-4140-bd32-245f742c24c5","filename":"test.jpg"}
{"level":"info","timestamp":"2024-12-02T19:45:22.978+1100","caller":"document/document_impl.go:107","message":"Starting file processing","filename":"test.png","size":77212}
{"level":"info","timestamp":"2024-12-02T19:45:23.095+1100","caller":"document/document_impl.go:189","message":"File processing task created","taskId":"8b52220b-89b2-4f12-a09b-cdc9b8ea4fa1","filename":"test.png"}
{"level":"info","timestamp":"2024-12-02T19:57:04.083+1100","caller":"server/main.go:61","message":"Shutting down server..."}
{"level":"info","timestamp":"2024-12-02T19:57:06.134+1100","caller":"s3/s3.go:126","message":"S3 Configuration","bucket":"document-processors","region":"ap-southeast-2","access_key":"AKIA3FLD2GHRIOESPGFA","endpoint":""}
{"level":"info","timestamp":"2024-12-02T19:57:06.238+1100","caller":"server/main.go:49","message":"Server starting on port 8080"}
{"level":"info","timestamp":"2024-12-02T19:58:16.164+1100","caller":"document/document_impl.go:107","message":"Starting file processing","filename":"test.png","size":77212}
{"level":"info","timestamp":"2024-12-02T19:58:16.262+1100","caller":"document/document_impl.go:189","message":"File processing task created","taskId":"7361744e-e8bb-44f3-90e5-d27677ecfb99","filename":"test.png"}
{"level":"info","timestamp":"2024-12-02T20:07:50.729+1100","caller":"document/document_impl.go:107","message":"Starting file processing","filename":"test.jpg","size":73717}
{"level":"info","timestamp":"2024-12-02T20:07:50.947+1100","caller":"document/document_impl.go:189","message":"File processing task created","taskId":"a2a22533-8e8c-47cb-9ecb-a00835a7140f","filename":"test.jpg"}
{"level":"info","timestamp":"2024-12-02T21:53:04.795+1100","caller":"server/main.go:61","message":"Shutting down server..."}
